  Fighter.cpp
C:\Users\LENOVO\source\repos\MonsterMatch\Fighter\Fighter.cpp(1,10): fatal  error C1083: Cannot open include file: 'SFML/Graphics.hpp': No such file or directory
  Application.cpp
C:\Users\LENOVO\source\repos\MonsterMatch\Fighter\Sources\Application.h(2,9): fatal  error C1083: Cannot open include file: 'SFML/Graphics.hpp': No such file or directory
  ResourceManager.cpp
C:\Users\LENOVO\source\repos\MonsterMatch\Fighter\Sources\GameObjects\Animation.h(3,9): fatal  error C1083: Cannot open include file: 'SFML/Graphics.hpp': No such file or directory
  WindowConnector.cpp
C:\Users\LENOVO\source\repos\MonsterMatch\Fighter\Sources\GameManager\WindowConnector.h(2,10): fatal  error C1083: Cannot open include file: 'SFML/Graphics.hpp': No such file or directory
  Animation.cpp
C:\Users\LENOVO\source\repos\MonsterMatch\Fighter\Sources\GameObjects\Animation.h(3,9): fatal  error C1083: Cannot open include file: 'SFML/Graphics.hpp': No such file or directory
  Enemy.cpp
C:\Users\LENOVO\source\repos\MonsterMatch\Fighter\Sources\GameObjects\Animation.h(3,9): fatal  error C1083: Cannot open include file: 'SFML/Graphics.hpp': No such file or directory
  ESDeath.cpp
C:\Users\LENOVO\source\repos\MonsterMatch\Fighter\Sources\GameObjects\Animation.h(3,9): fatal  error C1083: Cannot open include file: 'SFML/Graphics.hpp': No such file or directory
  ESIdle.cpp
C:\Users\LENOVO\source\repos\MonsterMatch\Fighter\Sources\GameObjects\Animation.h(3,9): fatal  error C1083: Cannot open include file: 'SFML/Graphics.hpp': No such file or directory
  Match.cpp
C:\Users\LENOVO\source\repos\MonsterMatch\Fighter\Sources\GameObjects\Match.h(2,9): fatal  error C1083: Cannot open include file: 'SFML/Graphics.hpp': No such file or directory
  GameButton.cpp
C:\Users\LENOVO\source\repos\MonsterMatch\Fighter\Sources\GameObjects\GameButton.h(2,10): fatal  error C1083: Cannot open include file: 'SFML/Graphics.hpp': No such file or directory
  Block.cpp
C:\Users\LENOVO\source\repos\MonsterMatch\Fighter\Sources\GameObjects\Block.h(2,9): fatal  error C1083: Cannot open include file: 'SFML/Graphics.hpp': No such file or directory
  Player.cpp
C:\Users\LENOVO\source\repos\MonsterMatch\Fighter\Sources\GameObjects\Animation.h(3,9): fatal  error C1083: Cannot open include file: 'SFML/Graphics.hpp': No such file or directory
  PSAttack.cpp
C:\Users\LENOVO\source\repos\MonsterMatch\Fighter\Sources\GameObjects\Animation.h(3,9): fatal  error C1083: Cannot open include file: 'SFML/Graphics.hpp': No such file or directory
  PSDeath.cpp
C:\Users\LENOVO\source\repos\MonsterMatch\Fighter\Sources\GameObjects\Animation.h(3,9): fatal  error C1083: Cannot open include file: 'SFML/Graphics.hpp': No such file or directory
  PSIdle.cpp
C:\Users\LENOVO\source\repos\MonsterMatch\Fighter\Sources\GameObjects\Animation.h(3,9): fatal  error C1083: Cannot open include file: 'SFML/Graphics.hpp': No such file or directory
  GameStateBase.cpp
C:\Users\LENOVO\source\repos\MonsterMatch\Fighter\Sources\GameObjects\Animation.h(3,9): fatal  error C1083: Cannot open include file: 'SFML/Graphics.hpp': No such file or directory
  GameStateMachine.cpp
C:\Users\LENOVO\source\repos\MonsterMatch\Fighter\Sources\GameObjects\Animation.h(3,9): fatal  error C1083: Cannot open include file: 'SFML/Graphics.hpp': No such file or directory
  GSEnd.cpp
C:\Users\LENOVO\source\repos\MonsterMatch\Fighter\Sources\GameObjects\Animation.h(3,9): fatal  error C1083: Cannot open include file: 'SFML/Graphics.hpp': No such file or directory
  GSIntro.cpp
C:\Users\LENOVO\source\repos\MonsterMatch\Fighter\Sources\GameObjects\Animation.h(3,9): fatal  error C1083: Cannot open include file: 'SFML/Graphics.hpp': No such file or directory
  GSMenu.cpp
C:\Users\LENOVO\source\repos\MonsterMatch\Fighter\Sources\GameObjects\Animation.h(3,9): fatal  error C1083: Cannot open include file: 'SFML/Graphics.hpp': No such file or directory
  Generating Code...
  Compiling...
  GSPlay.cpp
C:\Users\LENOVO\source\repos\MonsterMatch\Fighter\Sources\GameObjects\Animation.h(3,9): fatal  error C1083: Cannot open include file: 'SFML/Graphics.hpp': No such file or directory
  Generating Code...
